Failed to fetch /a/cs.usfca.edu/usfcs/system/app/pages/recentChanges:
HTTP Error 404: Not Found
Failed to fetch /a/cs.usfca.edu/usfcs/events-calendar:
HTTP Error 404: Not Found
Failed to fetch /a/cs.usfca.edu/usfcs/contact:
HTTP Error 404: Not Found
Failed to fetch /a/cs.usfca.edu/usfcs/_/rsrc/1431296338000/system/app/css/overlay.css?cb=seafoamundefineda100%25%25%25150goog-ws-left:
HTTP Error 400: Bad Request
Failed to fetch /a/cs.usfca.edu/usfcs/system/app/pages/sitemap:
HTTP Error 404: Not Found
Failed to fetch /a/cs.usfca.edu/usfcs/system/app/pages/reportAbuse:
HTTP Error 404: Not Found
Failed to fetch /a/cs.usfca.edu/usfcs/facilities:
HTTP Error 404: Not Found
Failed to fetch /a/cs.usfca.edu/usfcs/usf-in-pictures:
HTTP Error 404: Not Found
Failed to fetch /a/cs.usfca.edu/usfcs/visiting-positions:
HTTP Error 404: Not Found
Failed to fetch /a/cs.usfca.edu/usfcs/people:
HTTP Error 404: Not Found
Failed to fetch /a/cs.usfca.edu/usfcs/news/tenuretrackpositionfor2015-2016incs:
HTTP Error 404: Not Found
Failed to fetch /a/cs.usfca.edu/usfcs/news/usflaunchesnewmsinanalyticsprogram:
HTTP Error 404: Not Found
Failed to fetch /a/cs.usfca.edu/usfcs/news/csnightisthursdaydec8:
HTTP Error 404: Not Found
Failed to fetch /a/cs.usfca.edu/usfcs/_/rsrc/1431296338000/system/app/images/icon_feed.gif:
HTTP Error 404: Not Found
Failed to fetch /a/cs.usfca.edu/usfcs/news/full-timefacultypositions2015-2016:
HTTP Error 404: Not Found
Failed to fetch /a/cs.usfca.edu/usfcs/news/spring2012graduatestudentorientation:
HTTP Error 404: Not Found
Failed to fetch /a/cs.usfca.edu/usfcs/news/fall2012departmentofcomputersciencegraduateorientation:
HTTP Error 404: Not Found
Failed to fetch /a/cs.usfca.edu/usfcs/news/visitingassistantprofessor-spring2014:
HTTP Error 404: Not Found
Failed to fetch /a/cs.usfca.edu/usfcs/news/alumsdiscusswhyyoushouldstudyatusfcs:
HTTP Error 404: Not Found
Failed to fetch /a/cs.usfca.edu/usfcs/news/csnight-december5th630pm:
HTTP Error 404: Not Found
Failed to fetch /a/cs.usfca.edu/usfcs/support/google-sites:
HTTP Error 404: Not Found
Failed to fetch /a/cs.usfca.edu/usfcs/support/Using-Linux-on-CS-from-Windows-Box:
HTTP Error 404: Not Found
Failed to fetch /a/cs.usfca.edu/usfcs/support/linux-tutorial:
HTTP Error 404: Not Found
Failed to fetch /a/cs.usfca.edu/usfcs/support/google-app-engine:
HTTP Error 404: Not Found
Failed to fetch /a/cs.usfca.edu/usfcs/support/git:
HTTP Error 404: Not Found
Failed to fetch /a/cs.usfca.edu/usfcs/courses/cs682:
HTTP Error 404: Not Found
Failed to fetch /a/cs.usfca.edu/usfcs/courses/fall-2008:
HTTP Error 404: Not Found
Failed to fetch /a/cs.usfca.edu/usfcs/courses/cs112:
HTTP Error 404: Not Found
Failed to fetch /a/cs.usfca.edu/usfcs/courses/spring-2009:
HTTP Error 404: Not Found
Failed to fetch /a/cs.usfca.edu/usfcs/courses/spring-2008:
HTTP Error 404: Not Found
Failed to fetch /a/cs.usfca.edu/usfcs/courses/advising-sheet:
HTTP Error 404: Not Found
Failed to fetch /a/cs.usfca.edu/usfcs/courses/cs682-s09:
HTTP Error 404: Not Found
Failed to fetch /a/cs.usfca.edu/usfcs/Home/minor-requirements:
HTTP Error 404: Not Found
Failed to fetch /a/cs.usfca.edu/usfcs/Home/undergraduate-requirements:
HTTP Error 404: Not Found
Failed to fetch /a/cs.usfca.edu/usfcs/courses/cs112/notes:
HTTP Error 404: Not Found
Failed to fetch /a/cs.usfca.edu/usfcs/courses/cs112/notes/xml:
HTTP Error 404: Not Found
Failed to fetch /a/cs.usfca.edu/usfcs/sls-spring-2010:
HTTP Error 404: Not Found
Failed to fetch /a/cs.usfca.edu/usfcs/basics/java-basics/variables:
HTTP Error 404: Not Found
Failed to fetch /a/cs.usfca.edu/usfcs/sls-cs-fall-2011:
HTTP Error 404: Not Found
Failed to fetch /a/cs.usfca.edu/usfcs/news/spring2011graduatestudentorientation:
HTTP Error 404: Not Found
Failed to fetch /a/cs.usfca.edu/usfcs/Home:
HTTP Error 404: Not Found
Failed to fetch /a/cs.usfca.edu/usfcs/news/universityofsanfranciscointroducesacceleratedmsinwebscience:
HTTP Error 404: Not Found
Failed to fetch /a/cs.usfca.edu/usfcs/news/usfreleasesstringtemplate40:
HTTP Error 404: Not Found
Failed to fetch /a/cs.usfca.edu/usfcs/courses/cs682-s09/assignments/submission-instructions:
HTTP Error 404: Not Found
Failed to fetch /a/cs.usfca.edu/usfcs/courses/cs112/assignments/submission-instructions:
HTTP Error 404: Not Found
Failed to fetch /a/cs.usfca.edu/usfcs/sls-cs-spring-2009:
HTTP Error 404: Not Found
Failed to fetch /a/cs.usfca.edu/usfcs/basics/java-basics/third-party-libraries:
HTTP Error 404: Not Found
Failed to fetch /a/cs.usfca.edu/usfcs/courses/cs682-s09/syllabus:
HTTP Error 404: Not Found
Failed to fetch /a/cs.usfca.edu/usfcs/courses/cs682-s09/notes/transactions:
HTTP Error 404: Not Found
Failed to fetch /a/cs.usfca.edu/usfcs/news/sriramsankarspeakingatusfcsdepartment:
HTTP Error 404: Not Found
Failed to fetch /a/cs.usfca.edu/usfcs/news/usfgraduateslaunchimagesearchstartup:
HTTP Error 404: Not Found
Failed to fetch /a/cs.usfca.edu/usfcs/basics/java-basics/style-guidelines:
HTTP Error 404: Not Found
Failed to fetch /a/cs.usfca.edu/usfcs/news/spring2009graduateorientation:
HTTP Error 404: Not Found
Failed to fetch /a/cs.usfca.edu/usfcs/basics/java-basics/strings:
HTTP Error 404: Not Found
Failed to fetch /a/cs.usfca.edu/usfcs/jobs:
HTTP Error 404: Not Found
Failed to fetch /a/cs.usfca.edu/usfcs/news/usfreleasesantlr34:
HTTP Error 404: Not Found
Failed to fetch /a/cs.usfca.edu/usfcs/news/usfreleasesantlr33:
HTTP Error 404: Not Found
Failed to fetch /a/cs.usfca.edu/usfcs/news/usfalumnireleasesearchandnavigationsystem:
HTTP Error 404: Not Found
Failed to fetch /a/cs.usfca.edu/usfcs/sls-cs-spring-2013:
HTTP Error 404: Not Found
Failed to fetch /a/cs.usfca.edu/usfcs/news/usfappinventorstudentsbecomeappinventorteachers:
HTTP Error 404: Not Found
Failed to fetch /a/cs.usfca.edu/usfcs/courses/cs112/syllabus:
HTTP Error 404: Not Found
Failed to fetch /a/cs.usfca.edu/usfcs/parrt:
HTTP Error 404: Not Found
Failed to fetch /a/cs.usfca.edu/usfcs/courses/cs682/syllabus:
HTTP Error 404: Not Found
Failed to fetch /a/cs.usfca.edu/usfcs/courses/cs682/assignments/submission-instructions:
HTTP Error 404: Not Found
Error rewriting /a/cs.usfca.edu/usfcs/events-calendar
Error rewriting /a/cs.usfca.edu/usfcs/facilities
Error rewriting /a/cs.usfca.edu/usfcs/usf-in-pictures
Error rewriting /a/cs.usfca.edu/usfcs/contact
Error rewriting /a/cs.usfca.edu/usfcs/visiting-positions
Error rewriting /a/cs.usfca.edu/usfcs/news/full-timefacultypositions2015-2016
Error rewriting /a/cs.usfca.edu/usfcs/news/tenuretrackpositionfor2015-2016incs
Error rewriting /a/cs.usfca.edu/usfcs/news/alumsdiscusswhyyoushouldstudyatusfcs
Error rewriting /a/cs.usfca.edu/usfcs/news/csnight-december5th630pm
Error rewriting /a/cs.usfca.edu/usfcs/news/visitingassistantprofessor-spring2014
Error rewriting /a/cs.usfca.edu/usfcs/Home/minor-requirements
Error rewriting /a/cs.usfca.edu/usfcs/Home/undergraduate-requirements
Error rewriting /a/cs.usfca.edu/usfcs/system/app/pages/recentChanges
Error rewriting /a/cs.usfca.edu/usfcs/system/app/pages/reportAbuse
Error rewriting //www.google.com/images/icons/product/sites-16.ico
Error rewriting /a/cs.usfca.edu/usfcs/_/rsrc/1431296338000/system/app/css/overlay.css?cb=seafoamundefineda100%25%25%25150goog-ws-left
Error rewriting /a/cs.usfca.edu/usfcs/events-calendar
Error rewriting /a/cs.usfca.edu/usfcs/facilities
Error rewriting /a/cs.usfca.edu/usfcs/usf-in-pictures
Error rewriting /a/cs.usfca.edu/usfcs/contact
Error rewriting /a/cs.usfca.edu/usfcs/visiting-positions
Error rewriting /a/cs.usfca.edu/usfcs/courses/cs112
Error rewriting /a/cs.usfca.edu/usfcs/courses/cs682
Error rewriting /a/cs.usfca.edu/usfcs/courses/cs682-s09
Error rewriting /a/cs.usfca.edu/usfcs/courses/fall-2008
Error rewriting /a/cs.usfca.edu/usfcs/courses/advising-sheet
Error rewriting /a/cs.usfca.edu/usfcs/courses/spring-2008
Error rewriting /a/cs.usfca.edu/usfcs/courses/spring-2009
Error rewriting /a/cs.usfca.edu/usfcs/system/app/pages/recentChanges
Error rewriting /a/cs.usfca.edu/usfcs/system/app/pages/reportAbuse
Error rewriting //www.google.com/images/icons/product/sites-16.ico
Error rewriting /a/cs.usfca.edu/usfcs/_/rsrc/1431296338000/system/app/css/overlay.css?cb=seafoamundefineda100%25%25%25150goog-ws-left
Error rewriting /a/cs.usfca.edu/usfcs/events-calendar
Error rewriting /a/cs.usfca.edu/usfcs/facilities
Error rewriting /a/cs.usfca.edu/usfcs/usf-in-pictures
Error rewriting /a/cs.usfca.edu/usfcs/contact
Error rewriting /a/cs.usfca.edu/usfcs/visiting-positions
Error rewriting /a/cs.usfca.edu/usfcs/support/git
Error rewriting /a/cs.usfca.edu/usfcs/support/google-app-engine
Error rewriting /a/cs.usfca.edu/usfcs/support/google-sites
Error rewriting /a/cs.usfca.edu/usfcs/support/linux-tutorial
Error rewriting /a/cs.usfca.edu/usfcs/support/Using-Linux-on-CS-from-Windows-Box
Error rewriting /a/cs.usfca.edu/usfcs/system/app/pages/recentChanges
Error rewriting /a/cs.usfca.edu/usfcs/system/app/pages/reportAbuse
Error rewriting //www.google.com/images/icons/product/sites-16.ico
Error rewriting /a/cs.usfca.edu/usfcs/_/rsrc/1431296338000/system/app/css/overlay.css?cb=seafoamundefineda100%25%25%25150goog-ws-left
Error rewriting /a/cs.usfca.edu/usfcs/events-calendar
Error rewriting /a/cs.usfca.edu/usfcs/facilities
Error rewriting /a/cs.usfca.edu/usfcs/usf-in-pictures
Error rewriting /a/cs.usfca.edu/usfcs/contact
Error rewriting /a/cs.usfca.edu/usfcs/visiting-positions
Error rewriting /a/cs.usfca.edu/usfcs/system/app/pages/recentChanges
Error rewriting /a/cs.usfca.edu/usfcs/system/app/pages/reportAbuse
Error rewriting //www.google.com/images/icons/product/sites-16.ico
Error rewriting /a/cs.usfca.edu/usfcs/_/rsrc/1431296338000/system/app/css/overlay.css?cb=seafoamundefineda100%25%25%25150goog-ws-left
Error rewriting /a/cs.usfca.edu/usfcs/events-calendar
Error rewriting /a/cs.usfca.edu/usfcs/facilities
Error rewriting /a/cs.usfca.edu/usfcs/usf-in-pictures
Error rewriting /a/cs.usfca.edu/usfcs/contact
Error rewriting /a/cs.usfca.edu/usfcs/visiting-positions
Error rewriting /a/cs.usfca.edu/usfcs/system/app/pages/recentChanges
Error rewriting /a/cs.usfca.edu/usfcs/system/app/pages/reportAbuse
Error rewriting //www.google.com/images/icons/product/sites-16.ico
Error rewriting /a/cs.usfca.edu/usfcs/_/rsrc/1431296338000/system/app/css/overlay.css?cb=seafoamundefineda100%25%25%25150goog-ws-left
Error rewriting /a/cs.usfca.edu/usfcs/events-calendar
Error rewriting /a/cs.usfca.edu/usfcs/facilities
Error rewriting /a/cs.usfca.edu/usfcs/usf-in-pictures
Error rewriting /a/cs.usfca.edu/usfcs/contact
Error rewriting /a/cs.usfca.edu/usfcs/visiting-positions
Error rewriting /a/cs.usfca.edu/usfcs/news/full-timefacultypositions2015-2016
Error rewriting /a/cs.usfca.edu/usfcs/news/tenuretrackpositionfor2015-2016incs
Error rewriting /a/cs.usfca.edu/usfcs/news/alumsdiscusswhyyoushouldstudyatusfcs
Error rewriting /a/cs.usfca.edu/usfcs/news/csnight-december5th630pm
Error rewriting /a/cs.usfca.edu/usfcs/news/visitingassistantprofessor-spring2014
Error rewriting /a/cs.usfca.edu/usfcs/news/fall2012departmentofcomputersciencegraduateorientation
Error rewriting /a/cs.usfca.edu/usfcs/news/usflaunchesnewmsinanalyticsprogram
Error rewriting /a/cs.usfca.edu/usfcs/news/spring2012graduatestudentorientation
Error rewriting /a/cs.usfca.edu/usfcs/news/csnightisthursdaydec8
Error rewriting /a/cs.usfca.edu/usfcs/system/app/pages/recentChanges
Error rewriting /a/cs.usfca.edu/usfcs/system/app/pages/reportAbuse
Error rewriting //www.google.com/images/icons/product/sites-16.ico
Error rewriting /a/cs.usfca.edu/usfcs/_/rsrc/1431296338000/system/app/css/overlay.css?cb=seafoamundefineda100%25%25%25150goog-ws-left
Error rewriting /a/cs.usfca.edu/usfcs/_/rsrc/1431296338000/system/app/images/icon_feed.gif
Error rewriting /a/cs.usfca.edu/usfcs/events-calendar
Error rewriting /a/cs.usfca.edu/usfcs/facilities
Error rewriting /a/cs.usfca.edu/usfcs/usf-in-pictures
Error rewriting /a/cs.usfca.edu/usfcs/contact
Error rewriting /a/cs.usfca.edu/usfcs/visiting-positions
Error rewriting /a/cs.usfca.edu/usfcs/system/app/pages/recentChanges
Error rewriting /a/cs.usfca.edu/usfcs/system/app/pages/reportAbuse
Error rewriting //www.google.com/images/icons/product/sites-16.ico
Error rewriting /a/cs.usfca.edu/usfcs/_/rsrc/1431296338000/system/app/css/overlay.css?cb=seafoamundefineda100%25%25%25150goog-ws-left
Error rewriting /a/cs.usfca.edu/usfcs/events-calendar
Error rewriting /a/cs.usfca.edu/usfcs/facilities
Error rewriting /a/cs.usfca.edu/usfcs/usf-in-pictures
Error rewriting /a/cs.usfca.edu/usfcs/contact
Error rewriting /a/cs.usfca.edu/usfcs/visiting-positions
Error rewriting /a/cs.usfca.edu/usfcs/system/app/pages/recentChanges
Error rewriting /a/cs.usfca.edu/usfcs/system/app/pages/reportAbuse
Error rewriting //www.google.com/images/icons/product/sites-16.ico
Error rewriting /a/cs.usfca.edu/usfcs/_/rsrc/1431296338000/system/app/css/overlay.css?cb=seafoamundefineda100%25%25%25150goog-ws-left
Error rewriting /a/cs.usfca.edu/usfcs/events-calendar
Error rewriting /a/cs.usfca.edu/usfcs/facilities
Error rewriting /a/cs.usfca.edu/usfcs/usf-in-pictures
Error rewriting /a/cs.usfca.edu/usfcs/contact
Error rewriting /a/cs.usfca.edu/usfcs/visiting-positions
Error rewriting /a/cs.usfca.edu/usfcs/system/app/pages/recentChanges
Error rewriting /a/cs.usfca.edu/usfcs/system/app/pages/reportAbuse
Error rewriting //www.google.com/images/icons/product/sites-16.ico
Error rewriting /a/cs.usfca.edu/usfcs/_/rsrc/1431296338000/system/app/css/overlay.css?cb=seafoamundefineda100%25%25%25150goog-ws-left
Error rewriting /a/cs.usfca.edu/usfcs/events-calendar
Error rewriting /a/cs.usfca.edu/usfcs/facilities
Error rewriting /a/cs.usfca.edu/usfcs/usf-in-pictures
Error rewriting /a/cs.usfca.edu/usfcs/contact
Error rewriting /a/cs.usfca.edu/usfcs/visiting-positions
Error rewriting /a/cs.usfca.edu/usfcs/system/app/pages/recentChanges
Error rewriting /a/cs.usfca.edu/usfcs/system/app/pages/reportAbuse
Error rewriting //www.google.com/images/icons/product/sites-16.ico
Error rewriting /a/cs.usfca.edu/usfcs/_/rsrc/1431296338000/system/app/css/overlay.css?cb=seafoamundefineda100%25%25%25150goog-ws-left
Error rewriting /a/cs.usfca.edu/usfcs/events-calendar
Error rewriting /a/cs.usfca.edu/usfcs/facilities
Error rewriting /a/cs.usfca.edu/usfcs/usf-in-pictures
Error rewriting /a/cs.usfca.edu/usfcs/contact
Error rewriting /a/cs.usfca.edu/usfcs/visiting-positions
Error rewriting /a/cs.usfca.edu/usfcs/system/app/pages/sitemap
Error rewriting /a/cs.usfca.edu/usfcs/sls-cs-fall-2011
Error rewriting /a/cs.usfca.edu/usfcs/sls-cs-spring-2009
Error rewriting /a/cs.usfca.edu/usfcs/sls-spring-2010
Error rewriting /a/cs.usfca.edu/usfcs/sls-cs-spring-2013
Error rewriting /a/cs.usfca.edu/usfcs/courses/spring-2008
Error rewriting /a/cs.usfca.edu/usfcs/courses/spring-2009
Error rewriting /a/cs.usfca.edu/usfcs/news/spring2009graduateorientation
Error rewriting /a/cs.usfca.edu/usfcs/news/spring2011graduatestudentorientation
Error rewriting /a/cs.usfca.edu/usfcs/news/spring2012graduatestudentorientation
Error rewriting /a/cs.usfca.edu/usfcs/news/sriramsankarspeakingatusfcsdepartment
Error rewriting /a/cs.usfca.edu/usfcs/basics/java-basics/strings
Error rewriting /a/cs.usfca.edu/usfcs/basics/java-basics/style-guidelines
Error rewriting /a/cs.usfca.edu/usfcs/courses/cs112/assignments/submission-instructions
Error rewriting /a/cs.usfca.edu/usfcs/courses/cs682/assignments/submission-instructions
Error rewriting /a/cs.usfca.edu/usfcs/courses/cs682-s09/assignments/submission-instructions
Error rewriting /a/cs.usfca.edu/usfcs/courses/cs112/syllabus
Error rewriting /a/cs.usfca.edu/usfcs/courses/cs682/syllabus
Error rewriting /a/cs.usfca.edu/usfcs/courses/cs682-s09/syllabus
Error rewriting /a/cs.usfca.edu/usfcs/jobs
Error rewriting /a/cs.usfca.edu/usfcs/news/tenuretrackpositionfor2015-2016incs
Error rewriting /a/cs.usfca.edu/usfcs/parrt
Error rewriting /a/cs.usfca.edu/usfcs/basics/java-basics/third-party-libraries
Error rewriting /a/cs.usfca.edu/usfcs/courses/cs682-s09/notes/transactions
Error rewriting /a/cs.usfca.edu/usfcs/Home/undergraduate-requirements
Error rewriting /a/cs.usfca.edu/usfcs/news/universityofsanfranciscointroducesacceleratedmsinwebscience
Error rewriting /a/cs.usfca.edu/usfcs/news/usfalumnireleasesearchandnavigationsystem
Error rewriting /a/cs.usfca.edu/usfcs/news/usfappinventorstudentsbecomeappinventorteachers
Error rewriting /a/cs.usfca.edu/usfcs/news/usfgraduateslaunchimagesearchstartup
Error rewriting /a/cs.usfca.edu/usfcs/usf-in-pictures
Error rewriting /a/cs.usfca.edu/usfcs/news/usflaunchesnewmsinanalyticsprogram
Error rewriting /a/cs.usfca.edu/usfcs/news/usfreleasesantlr33
Error rewriting /a/cs.usfca.edu/usfcs/news/usfreleasesantlr34
Error rewriting /a/cs.usfca.edu/usfcs/news/usfreleasesstringtemplate40
Error rewriting /a/cs.usfca.edu/usfcs/support/Using-Linux-on-CS-from-Windows-Box
Error rewriting /a/cs.usfca.edu/usfcs/basics/java-basics/variables
Error rewriting /a/cs.usfca.edu/usfcs/news/visitingassistantprofessor-spring2014
Error rewriting /a/cs.usfca.edu/usfcs/visiting-positions
Error rewriting /a/cs.usfca.edu/usfcs/Home
Error rewriting /a/cs.usfca.edu/usfcs/courses/cs112/notes/xml
Error rewriting /a/cs.usfca.edu/usfcs/system/app/pages/recentChanges
Error rewriting /a/cs.usfca.edu/usfcs/system/app/pages/reportAbuse
Error rewriting //www.google.com/images/icons/product/sites-16.ico
Error rewriting /a/cs.usfca.edu/usfcs/_/rsrc/1431296338000/system/app/css/overlay.css?cb=seafoamundefineda100%25%25%25150goog-ws-left
Error rewriting /a/cs.usfca.edu/usfcs/events-calendar
Error rewriting /a/cs.usfca.edu/usfcs/facilities
Error rewriting /a/cs.usfca.edu/usfcs/usf-in-pictures
Error rewriting /a/cs.usfca.edu/usfcs/contact
Error rewriting /a/cs.usfca.edu/usfcs/visiting-positions
Error rewriting /a/cs.usfca.edu/usfcs/system/app/pages/sitemap
Error rewriting /a/cs.usfca.edu/usfcs/system/app/pages/recentChanges
Error rewriting /a/cs.usfca.edu/usfcs/system/app/pages/reportAbuse
Error rewriting //www.google.com/images/icons/product/sites-16.ico
Error rewriting /a/cs.usfca.edu/usfcs/_/rsrc/1431296338000/system/app/css/overlay.css?cb=seafoamundefineda100%25%25%25150goog-ws-left
Error rewriting /a/cs.usfca.edu/usfcs/events-calendar
Error rewriting /a/cs.usfca.edu/usfcs/facilities
Error rewriting /a/cs.usfca.edu/usfcs/usf-in-pictures
Error rewriting /a/cs.usfca.edu/usfcs/contact
Error rewriting /a/cs.usfca.edu/usfcs/visiting-positions
Error rewriting /a/cs.usfca.edu/usfcs/courses/cs112
Error rewriting /a/cs.usfca.edu/usfcs/courses/cs112/notes
Error rewriting /a/cs.usfca.edu/usfcs/system/app/pages/recentChanges
Error rewriting /a/cs.usfca.edu/usfcs/system/app/pages/reportAbuse
Error rewriting //www.google.com/images/icons/product/sites-16.ico
Error rewriting /a/cs.usfca.edu/usfcs/_/rsrc/1431296338000/system/app/css/overlay.css?cb=seafoamundefineda100%25%25%25150goog-ws-left
Error rewriting /a/cs.usfca.edu/usfcs/events-calendar
Error rewriting /a/cs.usfca.edu/usfcs/facilities
Error rewriting /a/cs.usfca.edu/usfcs/usf-in-pictures
Error rewriting /a/cs.usfca.edu/usfcs/contact
Error rewriting /a/cs.usfca.edu/usfcs/visiting-positions
Error rewriting /a/cs.usfca.edu/usfcs/system/app/pages/recentChanges
Error rewriting /a/cs.usfca.edu/usfcs/system/app/pages/reportAbuse
Error rewriting //www.google.com/images/icons/product/sites-16.ico
Error rewriting /a/cs.usfca.edu/usfcs/_/rsrc/1431296338000/system/app/css/overlay.css?cb=seafoamundefineda100%25%25%25150goog-ws-left
Error rewriting /a/cs.usfca.edu/usfcs/events-calendar
Error rewriting /a/cs.usfca.edu/usfcs/facilities
Error rewriting /a/cs.usfca.edu/usfcs/usf-in-pictures
Error rewriting /a/cs.usfca.edu/usfcs/contact
Error rewriting /a/cs.usfca.edu/usfcs/visiting-positions
Error rewriting /a/cs.usfca.edu/usfcs/people
Error rewriting /a/cs.usfca.edu/usfcs/system/app/pages/recentChanges
Error rewriting /a/cs.usfca.edu/usfcs/system/app/pages/reportAbuse
Error rewriting //www.google.com/images/icons/product/sites-16.ico
Error rewriting /a/cs.usfca.edu/usfcs/_/rsrc/1431296338000/system/app/css/overlay.css?cb=seafoamundefineda100%25%25%25150goog-ws-left
